c:\users\flávia carvalhido\desktop\projeto aeda\projeto aeda\x64\debug\vc142.pdb
c:\users\flávia carvalhido\desktop\projeto aeda\projeto aeda\x64\debug\vc142.idb
c:\users\flávia carvalhido\desktop\projeto aeda\projeto aeda\x64\debug\util.obj
c:\users\flávia carvalhido\desktop\projeto aeda\projeto aeda\x64\debug\restaurants.obj
c:\users\flávia carvalhido\desktop\projeto aeda\projeto aeda\x64\debug\menus.obj
c:\users\flávia carvalhido\desktop\projeto aeda\projeto aeda\x64\debug\main.obj
c:\users\flávia carvalhido\desktop\projeto aeda\projeto aeda\x64\debug\clients.obj
c:\users\flávia carvalhido\desktop\projeto aeda\projeto aeda\x64\debug\base.obj
c:\users\flávia carvalhido\desktop\projeto aeda\projeto aeda\x64\debug\extra_functions.obj
c:\users\flávia carvalhido\desktop\projeto aeda\projeto aeda\x64\debug\employees.obj
c:\users\flávia carvalhido\desktop\projeto aeda\projeto aeda\x64\debug\date.obj
c:\users\flávia carvalhido\desktop\projeto aeda\projeto aeda\x64\debug\address.obj
c:\users\flávia carvalhido\desktop\projeto aeda\projeto aeda\x64\debug\tech.obj
c:\users\flávia carvalhido\desktop\projeto aeda\x64\debug\projeto aeda.pdb
c:\users\flávia carvalhido\desktop\projeto aeda\projeto aeda\x64\debug\projeto aeda.tlog\cl.command.1.tlog
c:\users\flávia carvalhido\desktop\projeto aeda\projeto aeda\x64\debug\projeto aeda.tlog\cl.read.1.tlog
c:\users\flávia carvalhido\desktop\projeto aeda\projeto aeda\x64\debug\projeto aeda.tlog\cl.write.1.tlog
c:\users\flávia carvalhido\desktop\projeto aeda\projeto aeda\x64\debug\projeto aeda.tlog\link.18280-cvtres.read.1.tlog
c:\users\flávia carvalhido\desktop\projeto aeda\projeto aeda\x64\debug\projeto aeda.tlog\link.18280-cvtres.write.1.tlog
c:\users\flávia carvalhido\desktop\projeto aeda\projeto aeda\x64\debug\projeto aeda.tlog\link.18280-rc.read.1.tlog
c:\users\flávia carvalhido\desktop\projeto aeda\projeto aeda\x64\debug\projeto aeda.tlog\link.18280-rc.write.1.tlog
c:\users\flávia carvalhido\desktop\projeto aeda\projeto aeda\x64\debug\projeto aeda.tlog\link.18280.read.1.tlog
c:\users\flávia carvalhido\desktop\projeto aeda\projeto aeda\x64\debug\projeto aeda.tlog\link.18280.write.1.tlog
c:\users\flávia carvalhido\desktop\projeto aeda\projeto aeda\x64\debug\projeto aeda.tlog\link.command.1.tlog
c:\users\flávia carvalhido\desktop\projeto aeda\projeto aeda\x64\debug\projeto aeda.tlog\link.read.1.tlog
c:\users\flávia carvalhido\desktop\projeto aeda\projeto aeda\x64\debug\projeto aeda.tlog\link.write.1.tlog
